<?xml version="1.0" encoding="UTF-8"?>
<!-- Generated by org.testng.reporters.JUnitReportReporter -->
<testsuite hostname="vitalilt" name="com.ecofactor.spo.SPO" tests="1" failures="0" timestamp="13 Oct 2015 19:30:50 GMT" time="1741.808" errors="0">
  <testcase name="createSPOAwayEndedDuringShedPhase" time="1741.808" classname="com.ecofactor.spo.SPO"/>
</testsuite> <!-- com.ecofactor.spo.SPO -->
