<?xml version="1.0" encoding="UTF-8"?>
<!-- Generated by org.testng.reporters.JUnitReportReporter -->
<testsuite hostname="vitalilt" name="com.ecofactor.realtemp.RealTemp" tests="1" failures="0" timestamp="6 Oct 2015 23:58:58 GMT" time="386.727" errors="0">
  <testcase name="createRealTempForCoolThermostat_cool_130" time="386.727" classname="com.ecofactor.realtemp.RealTemp"/>
</testsuite> <!-- com.ecofactor.realtemp.RealTemp -->
