<?xml version="1.0" encoding="UTF-8"?>
<!-- Generated by org.testng.reporters.JUnitReportReporter -->
<testsuite hostname="vlobanovs-MacBook-Pro.local" name="com.ecofactorqa.stateapi.test" tests="1" failures="0" timestamp="16 Jul 2015 01:55:48 GMT" time="12.677" errors="0">
  <testcase name="set_thermostat_to_cool_mode" time="12.677" classname="com.ecofactorqa.stateapi.test"/>
</testsuite> <!-- com.ecofactorqa.stateapi.test -->
