<?xml version="1.0" encoding="UTF-8"?>
<!-- Generated by org.testng.reporters.JUnitReportReporter -->
<testsuite hostname="vitalilt" name="com.ecofactor.realtemp.RealTemp" tests="1" failures="0" timestamp="25 Aug 2015 17:17:19 GMT" time="396.707" errors="0">
  <testcase name="createRealTempForHeatThermostat_heat_131" time="396.707" classname="com.ecofactor.realtemp.RealTemp"/>
</testsuite> <!-- com.ecofactor.realtemp.RealTemp -->
