<?xml version="1.0" encoding="UTF-8"?>
<!-- Generated by org.testng.reporters.JUnitReportReporter -->
<testsuite hostname="R8-6R5ZK" name="com.ecofactorqa.stateapi.StateAPI_Set_Valid_HVAC_mode" tests="6" failures="0" timestamp="7 Apr 2015 18:37:35 GMT" time="9.538" errors="0">
  <testcase name="Get_heat_thermostat_mode" time="0.061" classname="com.ecofactorqa.stateapi.StateAPI_Set_Valid_HVAC_mode"/>
  <testcase name="Get_cool_thermostat_mode_coolsetpoint_fanmode" time="0.071" classname="com.ecofactorqa.stateapi.StateAPI_Set_Valid_HVAC_mode"/>
  <testcase name="set_thermostat_to_cool_mode" time="2.274" classname="com.ecofactorqa.stateapi.StateAPI_Set_Valid_HVAC_mode"/>
  <testcase name="set_thermostat_to_heat_mode" time="1.620" classname="com.ecofactorqa.stateapi.StateAPI_Set_Valid_HVAC_mode"/>
  <testcase name="set_thermostat_to_coolsetpoint_fanmode" time="2.721" classname="com.ecofactorqa.stateapi.StateAPI_Set_Valid_HVAC_mode"/>
  <testcase name="et_thermostat_to_heatsetpoint_fanmode" time="2.791" classname="com.ecofactorqa.stateapi.StateAPI_Set_Valid_HVAC_mode"/>
</testsuite> <!-- com.ecofactorqa.stateapi.StateAPI_Set_Valid_HVAC_mode -->
