<?xml version="1.0" encoding="UTF-8"?>
<!-- Generated by org.testng.reporters.JUnitReportReporter -->
<testsuite hostname="R8-6R5ZK" name="com.ecofactor.realtemp.RealTemp" tests="1" failures="0" timestamp="29 Jul 2015 01:18:52 GMT" time="398.417" errors="0">
  <testcase name="createRealTempForHeatThermostat_heat_130" time="398.417" classname="com.ecofactor.realtemp.RealTemp"/>
</testsuite> <!-- com.ecofactor.realtemp.RealTemp -->
