<?xml version="1.0" encoding="UTF-8"?>
<!-- Generated by org.testng.reporters.JUnitReportReporter -->
<testsuite hostname="vitalilt" name="com.ecofactorqa.awayapi.Set_Away_Valid" tests="1" failures="0" timestamp="6 Oct 2015 23:49:05 GMT" time="57.477" errors="0">
  <testcase name="test_start_Away_using_valid_thermostatID_cancel" time="57.477" classname="com.ecofactorqa.awayapi.Set_Away_Valid"/>
</testsuite> <!-- com.ecofactorqa.awayapi.Set_Away_Valid -->
