<?xml version="1.0" encoding="UTF-8"?>
<!-- Generated by org.testng.reporters.JUnitReportReporter -->
<testsuite hostname="R8-6R5ZK" name="com.ecofactor.spo.SPO" tests="1" failures="0" timestamp="29 Apr 2015 22:50:58 GMT" time="622.115" errors="0">
  <testcase name="createStartEntriesForSpo" time="622.115" classname="com.ecofactor.spo.SPO"/>
</testsuite> <!-- com.ecofactor.spo.SPO -->
