<?xml version="1.0" encoding="UTF-8"?>
<!-- Generated by org.testng.reporters.JUnitReportReporter -->
<testsuite hostname="R8-6R5ZK" name="com.ecofactorqa.stateapi.test" tests="1" failures="0" timestamp="20 Jul 2015 21:47:08 GMT" time="12.314" errors="0">
  <testcase name="set_thermostat_to_cool_mode" time="12.314" classname="com.ecofactorqa.stateapi.test"/>
</testsuite> <!-- com.ecofactorqa.stateapi.test -->
