<?xml version="1.0" encoding="UTF-8"?>
<!-- Generated by org.testng.reporters.JUnitReportReporter -->
<testsuite hostname="vlobanovs-MacBook-Pro.local" name="com.ecofactorqa.stateapi.StateAPI_Set_Valid_HVAC_mode" tests="6" failures="0" timestamp="31 Dec 2014 00:41:11 GMT" time="17.823" errors="0">
  <testcase name="set_thermostat_to_coolsetpoint_fanmode" time="2.963" classname="com.ecofactorqa.stateapi.StateAPI_Set_Valid_HVAC_mode"/>
  <testcase name="et_thermostat_to_heatsetpoint_fanmode" time="8.862" classname="com.ecofactorqa.stateapi.StateAPI_Set_Valid_HVAC_mode"/>
  <testcase name="set_thermostat_to_cool_mode" time="2.281" classname="com.ecofactorqa.stateapi.StateAPI_Set_Valid_HVAC_mode"/>
  <testcase name="Get_cool_thermostat_mode_coolsetpoint_fanmode" time="1.018" classname="com.ecofactorqa.stateapi.StateAPI_Set_Valid_HVAC_mode"/>
  <testcase name="Get_heat_thermostat_mode" time="1.121" classname="com.ecofactorqa.stateapi.StateAPI_Set_Valid_HVAC_mode"/>
  <testcase name="set_thermostat_to_heat_mode" time="1.578" classname="com.ecofactorqa.stateapi.StateAPI_Set_Valid_HVAC_mode"/>
</testsuite> <!-- com.ecofactorqa.stateapi.StateAPI_Set_Valid_HVAC_mode -->
