<?xml version="1.0" encoding="UTF-8"?>
<!-- Generated by org.testng.reporters.JUnitReportReporter -->
<testsuite hostname="vlobanovs-MacBook-Pro.local" name="com.ecofactor.spo.SPO" tests="1" failures="0" timestamp="16 Jul 2015 02:38:22 GMT" time="2318.021" errors="0">
  <testcase name="createSPOScheduleChangeDuringSPOExecution" time="2318.021" classname="com.ecofactor.spo.SPO"/>
</testsuite> <!-- com.ecofactor.spo.SPO -->
