<?xml version="1.0" encoding="UTF-8"?>
<!-- Generated by org.testng.reporters.JUnitReportReporter -->
<testsuite hostname="R8-6R5ZK" name="com.ecofactorqa.awayapi.Set_Away_Valid" tests="1" failures="0" timestamp="28 Jul 2015 19:49:03 GMT" time="70.925" errors="0">
  <testcase name="test_start_Away_using_valid_thermostatID_updateAway_cancel" time="70.925" classname="com.ecofactorqa.awayapi.Set_Away_Valid"/>
</testsuite> <!-- com.ecofactorqa.awayapi.Set_Away_Valid -->
