<?xml version="1.0" encoding="UTF-8"?>
<!-- Generated by org.testng.reporters.JUnitReportReporter -->
<testsuite hostname="R8-6R5ZK" name="com.ecofactorqa.awayapi.Set_Away_Valid" tests="2" failures="0" timestamp="2 Apr 2015 00:29:56 GMT" time="113.840" errors="0">
  <testcase name="test_start_Away_using_valid_thermostatID_cancel" time="57.544" classname="com.ecofactorqa.awayapi.Set_Away_Valid"/>
  <testcase name="test_start_Away_using_valid_thermostatID_cancel_by_mo" time="56.296" classname="com.ecofactorqa.awayapi.Set_Away_Valid"/>
</testsuite> <!-- com.ecofactorqa.awayapi.Set_Away_Valid -->
