<?xml version="1.0" encoding="UTF-8"?>
<!-- Generated by org.testng.reporters.JUnitReportReporter -->
<testsuite hostname="R8-6R5ZK" name="com.ecofactorqa.awayapi.Set_Away_Valid" tests="1" failures="0" timestamp="5 Aug 2015 21:10:26 GMT" time="804.607" errors="0">
  <testcase name="test_start_Away_using_valid_thermostatID_natural_end" time="804.607" classname="com.ecofactorqa.awayapi.Set_Away_Valid"/>
</testsuite> <!-- com.ecofactorqa.awayapi.Set_Away_Valid -->
