<?xml version="1.0" encoding="UTF-8"?>
<!-- Generated by org.testng.reporters.JUnitReportReporter -->
<testsuite hostname="vitalilt" name="com.ecofactorqa.awayapi.Set_Away_Valid" tests="1" failures="0" timestamp="21 Sep 2015 22:53:08 GMT" time="67.856" errors="0">
  <testcase name="test_start_Away_using_valid_thermostatID_updateAway_cancel" time="67.856" classname="com.ecofactorqa.awayapi.Set_Away_Valid"/>
</testsuite> <!-- com.ecofactorqa.awayapi.Set_Away_Valid -->
