<?xml version="1.0" encoding="UTF-8"?>
<!-- Generated by org.testng.reporters.JUnitReportReporter -->
<testsuite hostname="R8-6R5ZK" name="com.ecofactor.spo.SPO" tests="1" failures="0" timestamp="17 Jul 2015 18:20:59 GMT" time="1742.391" errors="0">
  <testcase name="createSPOAwayEndedDuringShedPhase" time="1742.391" classname="com.ecofactor.spo.SPO"/>
</testsuite> <!-- com.ecofactor.spo.SPO -->
