<?xml version="1.0" encoding="UTF-8"?>
<!-- Generated by org.testng.reporters.JUnitReportReporter -->
<testsuite hostname="R8-6R5ZK" name="com.ecofactor.spo.SPO" tests="1" failures="0" timestamp="29 Jul 2015 00:56:14 GMT" time="823.351" errors="0">
  <testcase name="createSpoForHeatThermostat_heat_191" time="823.351" classname="com.ecofactor.spo.SPO"/>
</testsuite> <!-- com.ecofactor.spo.SPO -->
