<?xml version="1.0" encoding="UTF-8"?>
<!-- Generated by org.testng.reporters.JUnitReportReporter -->
<testsuite hostname="R8-6R5ZK" name="com.ecofactorqa.stateapi.StateAPI_Set_Valid_HVAC_mode" tests="2" failures="0" timestamp="22 Apr 2015 01:03:07 GMT" time="59.856" errors="0">
  <testcase name="set_thermostat_to_heat_mode" time="29.665" classname="com.ecofactorqa.stateapi.StateAPI_Set_Valid_HVAC_mode"/>
  <testcase name="set_thermostat_to_cool_mode" time="30.191" classname="com.ecofactorqa.stateapi.StateAPI_Set_Valid_HVAC_mode"/>
</testsuite> <!-- com.ecofactorqa.stateapi.StateAPI_Set_Valid_HVAC_mode -->
