<?xml version="1.0" encoding="UTF-8"?>
<!-- Generated by org.testng.reporters.JUnitReportReporter -->
<testsuite hostname="R8-6R5ZK" name="com.ecofactorqa.dao.ef11_plat_dbconnection" tests="1" failures="0" timestamp="31 Mar 2015 19:07:13 GMT" time="0.380" errors="0">
  <testcase name="connect_to_ef11" time="0.380" classname="com.ecofactorqa.dao.ef11_plat_dbconnection"/>
</testsuite> <!-- com.ecofactorqa.dao.ef11_plat_dbconnection -->
