<?xml version="1.0" encoding="UTF-8"?>
<!-- Generated by org.testng.reporters.JUnitReportReporter -->
<testsuite hostname="R8-6R5ZK" name="com.ecofactor.spo.SPO" tests="1" failures="0" timestamp="15 May 2015 23:59:08 GMT" time="1151.748" errors="0">
  <testcase name="createSpoScheduleChandeMOcutoffTime" time="1151.748" classname="com.ecofactor.spo.SPO"/>
</testsuite> <!-- com.ecofactor.spo.SPO -->
