<?xml version="1.0" encoding="UTF-8"?>
<!-- Generated by org.testng.reporters.JUnitReportReporter -->
<testsuite hostname="R8-6R5ZK" name="com.ecofactorqa.stateapi.StateAPI_Set_Valid_HVAC_mode" tests="2" failures="0" timestamp="10 Jul 2015 15:39:23 GMT" time="77.587" errors="0">
  <testcase name="set_thermostat_to_cool_mode" time="37.600" classname="com.ecofactorqa.stateapi.StateAPI_Set_Valid_HVAC_mode"/>
  <testcase name="set_thermostat_to_heat_mode" time="39.987" classname="com.ecofactorqa.stateapi.StateAPI_Set_Valid_HVAC_mode"/>
</testsuite> <!-- com.ecofactorqa.stateapi.StateAPI_Set_Valid_HVAC_mode -->
