<?xml version="1.0" encoding="UTF-8"?>
<!-- Generated by org.testng.reporters.JUnitReportReporter -->
<testsuite hostname="R8-6R5ZK" name="com.ecofactorqa.stateapi.StateAPI_Set_Valid_HVAC_mode" tests="1" failures="0" timestamp="29 Jul 2015 01:03:42 GMT" time="41.323" errors="0">
  <testcase name="set_thermostat_to_cool_mode" time="41.323" classname="com.ecofactorqa.stateapi.StateAPI_Set_Valid_HVAC_mode"/>
</testsuite> <!-- com.ecofactorqa.stateapi.StateAPI_Set_Valid_HVAC_mode -->
