<?xml version="1.0" encoding="UTF-8"?>
<!-- Generated by org.testng.reporters.JUnitReportReporter -->
<testsuite hostname="R8-6R5ZK" name="com.ecofactorqa.stateapi.StateAPI_Set_Valid_HVAC_mode" tests="6" failures="0" timestamp="26 Mar 2015 20:07:48 GMT" time="9.808" errors="0">
  <testcase name="et_thermostat_to_heatsetpoint_fanmode" time="4.371" classname="com.ecofactorqa.stateapi.StateAPI_Set_Valid_HVAC_mode"/>
  <testcase name="Get_heat_thermostat_mode" time="0.061" classname="com.ecofactorqa.stateapi.StateAPI_Set_Valid_HVAC_mode"/>
  <testcase name="Get_cool_thermostat_mode_coolsetpoint_fanmode" time="0.071" classname="com.ecofactorqa.stateapi.StateAPI_Set_Valid_HVAC_mode"/>
  <testcase name="set_thermostat_to_cool_mode" time="2.230" classname="com.ecofactorqa.stateapi.StateAPI_Set_Valid_HVAC_mode"/>
  <testcase name="set_thermostat_to_heat_mode" time="1.594" classname="com.ecofactorqa.stateapi.StateAPI_Set_Valid_HVAC_mode"/>
  <testcase name="set_thermostat_to_coolsetpoint_fanmode" time="1.481" classname="com.ecofactorqa.stateapi.StateAPI_Set_Valid_HVAC_mode"/>
</testsuite> <!-- com.ecofactorqa.stateapi.StateAPI_Set_Valid_HVAC_mode -->
