<?xml version="1.0" encoding="UTF-8"?>
<!-- Generated by org.testng.reporters.JUnitReportReporter -->
<testsuite hostname="vlobanovs-MacBook-Pro.local" name="com.ecofactorqa.Start_Away" tests="1" failures="0" timestamp="12 Jul 2014 06:48:33 GMT" time="1.049" errors="0">
  <testcase name="test_start_Away_using_valid_thermostatID" time="1.049" classname="com.ecofactorqa.Start_Away"/>
</testsuite> <!-- com.ecofactorqa.Start_Away -->
