<?xml version="1.0" encoding="UTF-8"?>
<!-- Generated by org.testng.reporters.JUnitReportReporter -->
<testsuite hostname="vlobanovs-MacBook-Pro.local" name="com.ecofactorqa.StateAPI_Set_Valid_HVAC_mode" tests="6" failures="0" timestamp="16 Jul 2014 06:13:25 GMT" time="13.289" errors="0">
  <testcase name="set_thermostat_to_cool_mode" time="2.797" classname="com.ecofactorqa.StateAPI_Set_Valid_HVAC_mode"/>
  <testcase name="Get_heat_thermostat_mode" time="0.110" classname="com.ecofactorqa.StateAPI_Set_Valid_HVAC_mode"/>
  <testcase name="Get_cool_thermostat_mode_coolsetpoint_fanmode" time="1.191" classname="com.ecofactorqa.StateAPI_Set_Valid_HVAC_mode"/>
  <testcase name="set_thermostat_to_heat_mode" time="1.980" classname="com.ecofactorqa.StateAPI_Set_Valid_HVAC_mode"/>
  <testcase name="set_thermostat_to_coolsetpoint_fanmode" time="3.117" classname="com.ecofactorqa.StateAPI_Set_Valid_HVAC_mode"/>
  <testcase name="et_thermostat_to_heatsetpoint_fanmode" time="4.094" classname="com.ecofactorqa.StateAPI_Set_Valid_HVAC_mode"/>
</testsuite> <!-- com.ecofactorqa.StateAPI_Set_Valid_HVAC_mode -->
