<?xml version="1.0" encoding="UTF-8"?>
<!-- Generated by org.testng.reporters.JUnitReportReporter -->
<testsuite hostname="R8-6R5ZK" name="com.ecofactor.realtemp.RealTemp" tests="1" failures="0" timestamp="20 Jul 2015 22:28:17 GMT" time="388.180" errors="0">
  <testcase name="createRealTempForCoolThermostat_cool_130" time="388.180" classname="com.ecofactor.realtemp.RealTemp"/>
</testsuite> <!-- com.ecofactor.realtemp.RealTemp -->
