<?xml version="1.0" encoding="UTF-8"?>
<!-- Generated by org.testng.reporters.JUnitReportReporter -->
<testsuite hostname="vlobanovs-MacBook-Pro.local" name="com.ecofactorqa.dao.ef11_plat_dbconnection" tests="1" failures="0" timestamp="23 Jul 2014 04:01:17 GMT" time="1.373" errors="0">
  <testcase name="connect_to_ef11" time="1.373" classname="com.ecofactorqa.dao.ef11_plat_dbconnection"/>
</testsuite> <!-- com.ecofactorqa.dao.ef11_plat_dbconnection -->
