<?xml version="1.0" encoding="UTF-8"?>
<!-- Generated by org.testng.reporters.JUnitReportReporter -->
<testsuite hostname="vitalilt" name="com.ecofactor.spo.SPO" tests="1" failures="0" timestamp="24 Aug 2015 23:16:07 GMT" time="824.115" errors="0">
  <testcase name="createSpoForHeatThermostat_heat_191" time="824.115" classname="com.ecofactor.spo.SPO"/>
</testsuite> <!-- com.ecofactor.spo.SPO -->
