<?xml version="1.0" encoding="UTF-8"?>
<!-- Generated by org.testng.reporters.JUnitReportReporter -->
<testsuite hostname="R8-6R5ZK" name="com.ecofactor.spo.SPO" tests="1" failures="0" timestamp="11 May 2015 23:53:21 GMT" time="654.906" errors="0">
  <testcase name="createStartEntriesForSpo" time="654.906" classname="com.ecofactor.spo.SPO"/>
</testsuite> <!-- com.ecofactor.spo.SPO -->
