<?xml version="1.0" encoding="UTF-8"?>
<!-- Generated by org.testng.reporters.JUnitReportReporter -->
<testsuite hostname="vitalilt" name="com.ecofactor.spo.SPO" tests="1" failures="0" timestamp="7 Oct 2015 01:38:54 GMT" time="659.891" errors="0">
  <testcase name="createSpoMobeforeMOcutoffTime" time="659.891" classname="com.ecofactor.spo.SPO"/>
</testsuite> <!-- com.ecofactor.spo.SPO -->
