<?xml version="1.0" encoding="UTF-8"?>
<!-- Generated by org.testng.reporters.JUnitReportReporter -->
<testsuite hostname="R8-6R5ZK" name="com.ecofactorqa.awayapi.Set_Away_Invalid" tests="1" failures="0" timestamp="31 Mar 2015 19:26:02 GMT" time="1.110" errors="0">
  <testcase name="test_start_Away_using_past_date" time="1.110" classname="com.ecofactorqa.awayapi.Set_Away_Invalid"/>
</testsuite> <!-- com.ecofactorqa.awayapi.Set_Away_Invalid -->
