<?xml version="1.0" encoding="UTF-8"?>
<!-- Generated by org.testng.reporters.JUnitReportReporter -->
<testsuite hostname="R8-6R5ZK" name="com.ecofactor.spo.SPO" tests="1" failures="0" timestamp="7 Aug 2015 17:03:25 GMT" time="654.594" errors="0">
  <testcase name="createSpoAwayBeforeSPOstartFoSPODuration" time="654.594" classname="com.ecofactor.spo.SPO"/>
</testsuite> <!-- com.ecofactor.spo.SPO -->
