<?xml version="1.0" encoding="UTF-8"?>
<!-- Generated by org.testng.reporters.JUnitReportReporter -->
<testsuite hostname="R8-6R5ZK" name="com.ecofactorqa.awayapi.Set_Away_Valid" tests="1" failures="0" timestamp="1 Apr 2015 20:16:33 GMT" time="52.904" errors="0">
  <testcase name="test_start_Away_using_valid_thermostatID" time="52.904" classname="com.ecofactorqa.awayapi.Set_Away_Valid"/>
</testsuite> <!-- com.ecofactorqa.awayapi.Set_Away_Valid -->
