<?xml version="1.0" encoding="UTF-8"?>
<!-- Generated by org.testng.reporters.JUnitReportReporter -->
<testsuite hostname="R8-6R5ZK" name="com.ecofactor.realtemp.RealTemp" tests="1" failures="0" timestamp="20 Jul 2015 18:52:10 GMT" time="403.479" errors="0">
  <testcase name="createRealTempForHeatThermostat_heat_191" time="403.479" classname="com.ecofactor.realtemp.RealTemp"/>
</testsuite> <!-- com.ecofactor.realtemp.RealTemp -->
