<?xml version="1.0" encoding="UTF-8"?>
<!-- Generated by org.testng.reporters.JUnitReportReporter -->
<testsuite hostname="R8-6R5ZK" name="com.ecofactorqa.stateapi.StateAPI_Set_Valid_HVAC_mode" tests="1" failures="0" timestamp="22 Apr 2015 18:04:27 GMT" time="38.223" errors="0">
  <testcase name="set_thermostat_to_cool_mode" time="38.223" classname="com.ecofactorqa.stateapi.StateAPI_Set_Valid_HVAC_mode"/>
</testsuite> <!-- com.ecofactorqa.stateapi.StateAPI_Set_Valid_HVAC_mode -->
